<?xml version="1.0" encoding="UTF-8"?>
<!-- Generated by org.testng.reporters.JUnitXMLReporter -->
<testsuite ignored="0" hostname="SA-PC" failures="1" tests="1" name="AssertionTest" time="0.118" errors="0" timestamp="2025-08-14T16:15:01 IST">
  <testcase classname="Assertions.hardassert" name="testTitle" time="0.028">
    <failure type="java.lang.AssertionError" message="Page title mismatch! expected [Facebook – log in or sign up] but found [Log in to Facebook]">
      <![CDATA[java.lang.AssertionError: Page title mismatch! expected [Facebook – log in or sign up] but found [Log in to Facebook]
at Assertions.hardassert.testTitle(hardassert.java:14)
at java.base/java.util.ArrayList.forEach(ArrayList.java:1597)
... Removed 30 stack frames]]>
    </failure>
  </testcase> <!-- testTitle -->
</testsuite> <!-- AssertionTest -->
