<?xml version="1.0" encoding="UTF-8"?>
<testng-results ignored="0" total="2" passed="2" failed="0" skipped="0">
  <reporter-output>
  </reporter-output>
  <suite started-at="2025-08-14T17:48:08 IST" name="CrossBrowserSuite" finished-at="2025-08-14T17:48:27 IST" duration-ms="19473">
    <groups>
    </groups>
    <test started-at="2025-08-14T17:48:08 IST" name="ChromeTest" finished-at="2025-08-14T17:48:16 IST" duration-ms="8866">
      <class name="CrossBrowser.CrossBrowser2">
        <test-method is-config="true" signature="setUp(java.lang.String)[pri:0, instance:CrossBrowser.CrossBrowser2@d35dea7]" started-at="2025-08-14T17:48:08 IST" name="setUp" finished-at="2025-08-14T17:48:12 IST" duration-ms="4879" status="PASS">
          <params>
            <param index="0">
              <value>
                <![CDATA[chrome]]>
              </value>
            </param>
          </params>
          <reporter-output>
          </reporter-output>
        </test-method> <!-- setUp -->
        <test-method signature="loginTest()[pri:0, instance:CrossBrowser.CrossBrowser2@d35dea7]" started-at="2025-08-14T17:48:12 IST" name="loginTest" finished-at="2025-08-14T17:48:16 IST" duration-ms="3414" status="PASS">
          <reporter-output>
          </reporter-output>
        </test-method> <!-- loginTest -->
        <test-method is-config="true" signature="tearDown()[pri:0, instance:CrossBrowser.CrossBrowser2@d35dea7]" started-at="2025-08-14T17:48:16 IST" name="tearDown" finished-at="2025-08-14T17:48:16 IST" duration-ms="468" status="PASS">
          <reporter-output>
          </reporter-output>
        </test-method> <!-- tearDown -->
      </class> <!-- CrossBrowser.CrossBrowser2 -->
    </test> <!-- ChromeTest -->
    <test started-at="2025-08-14T17:48:08 IST" name="FirefoxTest" finished-at="2025-08-14T17:48:27 IST" duration-ms="19473">
      <class name="CrossBrowser.CrossBrowser2">
        <test-method is-config="true" signature="setUp(java.lang.String)[pri:0, instance:CrossBrowser.CrossBrowser2@e4487af]" started-at="2025-08-14T17:48:08 IST" name="setUp" finished-at="2025-08-14T17:48:19 IST" duration-ms="11123" status="PASS">
          <params>
            <param index="0">
              <value>
                <![CDATA[firefox]]>
              </value>
            </param>
          </params>
          <reporter-output>
          </reporter-output>
        </test-method> <!-- setUp -->
        <test-method signature="loginTest()[pri:0, instance:CrossBrowser.CrossBrowser2@e4487af]" started-at="2025-08-14T17:48:19 IST" name="loginTest" finished-at="2025-08-14T17:48:25 IST" duration-ms="6775" status="PASS">
          <reporter-output>
          </reporter-output>
        </test-method> <!-- loginTest -->
        <test-method is-config="true" signature="tearDown()[pri:0, instance:CrossBrowser.CrossBrowser2@e4487af]" started-at="2025-08-14T17:48:25 IST" name="tearDown" finished-at="2025-08-14T17:48:27 IST" duration-ms="1544" status="PASS">
          <reporter-output>
          </reporter-output>
        </test-method> <!-- tearDown -->
      </class> <!-- CrossBrowser.CrossBrowser2 -->
    </test> <!-- FirefoxTest -->
  </suite> <!-- CrossBrowserSuite -->
</testng-results>
